\BOOKMARK [0][-]{chapter.1}{\376\377\000D\000n\000e\000v\000n\000i\000k\000\040\000p\000r\000o\000m\000j\000e\000n\000a\000\040\000d\000o\000k\000u\000m\000e\000n\000t\000a\000c\000i\000j\000e}{}% 1
\BOOKMARK [0][-]{chapter.2}{\376\377\000O\000p\000i\000s\000\040\000p\000r\000o\000j\000e\000k\000t\000n\000o\000g\000\040\000z\000a\000d\000a\000t\000k\000a}{}% 2
\BOOKMARK [0][-]{chapter.3}{\376\377\000S\000p\000e\000c\000i\000f\000i\000k\000a\000c\000i\000j\000a\000\040\000p\000r\000o\000g\000r\000a\000m\000s\000k\000e\000\040\000p\000o\000t\000p\000o\000r\000e}{}% 3
<<<<<<< Updated upstream
\BOOKMARK [1][-]{subsection.3.0.1}{\376\377\000F\000u\000n\000k\000c\000i\000o\000n\000a\000l\000n\000i\000\040\000z\000a\000h\000t\000j\000e\000v\000i}{chapter.3}% 4
\BOOKMARK [2][-]{subsection.3.0.2}{\376\377\000O\000b\000r\000a\000s\000c\000i\000\040\000u\000p\000o\000r\000a\000b\000e}{subsection.3.0.1}% 5
\BOOKMARK [2][-]{subsection.3.0.3}{\376\377\000S\000e\000k\000v\000e\000n\000c\000i\000j\000s\000k\000i\000\040\000d\000i\000j\000a\000g\000r\000a\000m\000i}{subsection.3.0.1}% 6
\BOOKMARK [1][-]{section.3.1}{\376\377\000O\000s\000t\000a\000l\000i\000\040\000z\000a\000h\000t\000j\000e\000v\000i}{chapter.3}% 7
\BOOKMARK [0][-]{chapter.4}{\376\377\000A\000r\000h\000i\000t\000e\000k\000t\000u\000r\000a\000\040\000i\000\040\000d\000i\000z\000a\000j\000n\000\040\000s\000u\000s\000t\000a\000v\000a}{}% 8
\BOOKMARK [1][-]{subsection.4.0.1}{\376\377\000B\000a\000z\000a\000\040\000p\000o\000d\000a\000t\000a\000k\000a}{chapter.4}% 9
\BOOKMARK [2][-]{subsection.4.0.2}{\376\377\000D\000i\000j\000a\000g\000r\000a\000m\000\040\000r\000a\000z\000r\000e\000d\000a\000\040\000i\000\040\000o\000p\000i\000s\000\040\000r\000a\000z\000r\000e\000d\000a}{subsection.4.0.1}% 10
\BOOKMARK [0][-]{chapter*.6}{\376\377\000I\000n\000d\000e\000k\000s\000\040\000s\000l\000i\000k\000a\000\040\000i\000\040\000d\000i\000j\000a\000g\000r\000a\000m\000a}{}% 11
=======
\BOOKMARK [1][-]{section.3.1}{\376\377\000F\000u\000n\000k\000c\000i\000o\000n\000a\000l\000n\000i\000\040\000z\000a\000h\000t\000j\000e\000v\000i}{chapter.3}% 4
\BOOKMARK [2][-]{subsection.3.1.1}{\376\377\000O\000b\000r\000a\000s\000c\000i\000\040\000u\000p\000o\000r\000a\000b\000e}{section.3.1}% 5
\BOOKMARK [2][-]{subsection.3.1.2}{\376\377\000D\000i\000j\000a\000g\000r\000a\000m\000i\000\040\000o\000b\000r\000a\000z\000a\000c\000a\000\040\000u\000p\000o\000r\000a\000b\000e}{section.3.1}% 6
\BOOKMARK [2][-]{subsection.3.1.3}{\376\377\000S\000e\000k\000v\000e\000n\000c\000i\000j\000s\000k\000i\000\040\000d\000i\000j\000a\000g\000r\000a\000m\000i}{section.3.1}% 7
\BOOKMARK [1][-]{section.3.2}{\376\377\000O\000s\000t\000a\000l\000i\000\040\000z\000a\000h\000t\000j\000e\000v\000i}{chapter.3}% 8
\BOOKMARK [0][-]{chapter.4}{\376\377\000A\000r\000h\000i\000t\000e\000k\000t\000u\000r\000a\000\040\000i\000\040\000d\000i\000z\000a\000j\000n\000\040\000s\000u\000s\000t\000a\000v\000a}{}% 9
\BOOKMARK [1][-]{subsection.4.0.1}{\376\377\000B\000a\000z\000a\000\040\000p\000o\000d\000a\000t\000a\000k\000a}{chapter.4}% 10
\BOOKMARK [2][-]{subsection.4.0.2}{\376\377\000D\000i\000j\000a\000g\000r\000a\000m\000\040\000r\000a\000z\000r\000e\000d\000a\000\040\000i\000\040\000o\000p\000i\000s\000\040\000r\000a\000z\000r\000e\000d\000a}{subsection.4.0.1}% 11
\BOOKMARK [0][-]{chapter*.5}{\376\377\000I\000n\000d\000e\000k\000s\000\040\000s\000l\000i\000k\000a\000\040\000i\000\040\000d\000i\000j\000a\000g\000r\000a\000m\000a}{}% 12
>>>>>>> Stashed changes
